[    30.786] (--) Log file renamed from "/home/kamran/.local/share/xorg/Xorg.pid-1410.log" to "/home/kamran/.local/share/xorg/Xorg.0.log"
[    30.786] 
X.Org X Server 1.20.9
X Protocol Version 11, Revision 0
[    30.786] Build Operating System: Linux 4.15.0-140-generic x86_64 Ubuntu
[    30.786] Current Operating System: Linux kamran-ThinkPad-T470-W10DG 5.8.0-59-generic #66~20.04.1-Ubuntu SMP Thu Jun 17 11:14:10 UTC 2021 x86_64
[    30.786] Kernel command line: BOOT_IMAGE=/boot/vmlinuz-5.8.0-59-generic root=UUID=91b6e9c7-abb9-4458-877d-451136213fdf ro quiet splash vt.handoff=7
[    30.786] Build Date: 08 April 2021  12:29:22PM
[    30.786] xorg-server 2:1.20.9-2ubuntu1.2~20.04.2 (For technical support please see http://www.ubuntu.com/support) 
[    30.786] Current version of pixman: 0.38.4
[    30.786] 	Before reporting problems, check http://wiki.x.org
	to make sure that you have the latest version.
[    30.786] Markers: (--) probed, (**) from config file, (==) default setting,
	(++) from command line, (!!) notice, (II) informational,
	(WW) warning, (EE) error, (NI) not implemented, (??) unknown.
[    30.786] (==) Log file: "/home/kamran/.local/share/xorg/Xorg.0.log", Time: Tue Jul 13 11:28:06 2021
[    30.788] (==) Using system config directory "/usr/share/X11/xorg.conf.d"
[    30.789] (==) No Layout section.  Using the first Screen section.
[    30.789] (==) No screen section available. Using defaults.
[    30.789] (**) |-->Screen "Default Screen Section" (0)
[    30.789] (**) |   |-->Monitor "<default monitor>"
[    30.790] (==) No monitor specified for screen "Default Screen Section".
	Using a default monitor configuration.
[    30.790] (==) Automatically adding devices
[    30.790] (==) Automatically enabling devices
[    30.790] (==) Automatically adding GPU devices
[    30.790] (==) Automatically binding GPU devices
[    30.790] (==) Max clients allowed: 256, resource mask: 0x1fffff
[    30.790] (WW) The directory "/usr/share/fonts/X11/cyrillic" does not exist.
[    30.790] 	Entry deleted from font path.
[    30.790] (WW) The directory "/usr/share/fonts/X11/100dpi/" does not exist.
[    30.790] 	Entry deleted from font path.
[    30.790] (WW) The directory "/usr/share/fonts/X11/75dpi/" does not exist.
[    30.790] 	Entry deleted from font path.
[    30.791] (WW) The directory "/usr/share/fonts/X11/100dpi" does not exist.
[    30.791] 	Entry deleted from font path.
[    30.791] (WW) The directory "/usr/share/fonts/X11/75dpi" does not exist.
[    30.791] 	Entry deleted from font path.
[    30.791] (==) FontPath set to:
	/usr/share/fonts/X11/misc,
	/usr/share/fonts/X11/Type1,
	built-ins
[    30.791] (==) ModulePath set to "/usr/lib/xorg/modules"
[    30.791] (II) The server relies on udev to provide the list of input devices.
	If no devices become available, reconfigure udev or disable AutoAddDevices.
[    30.791] (II) Loader magic: 0x55e1d98ca020
[    30.791] (II) Module ABI versions:
[    30.791] 	X.Org ANSI C Emulation: 0.4
[    30.791] 	X.Org Video Driver: 24.1
[    30.791] 	X.Org XInput driver : 24.1
[    30.791] 	X.Org Server Extension : 10.0
[    30.795] (++) using VT number 2

[    30.796] (II) systemd-logind: took control of session /org/freedesktop/login1/session/_32
[    30.797] (II) xfree86: Adding drm device (/dev/dri/card0)
[    30.798] (II) systemd-logind: got fd for /dev/dri/card0 226:0 fd 12 paused 0
[    30.800] (--) PCI:*(0@0:2:0) 8086:1916:17aa:2245 rev 7, Mem @ 0xeb000000/16777216, 0xa0000000/268435456, I/O @ 0x0000e000/64, BIOS @ 0x????????/131072
[    30.801] (II) LoadModule: "glx"
[    30.801] (II) Loading /usr/lib/xorg/modules/extensions/libglx.so
[    30.803] (II) Module glx: vendor="X.Org Foundation"
[    30.803] 	compiled for 1.20.9, module version = 1.0.0
[    30.803] 	ABI class: X.Org Server Extension, version 10.0
[    30.803] (==) Matched modesetting as autoconfigured driver 0
[    30.803] (==) Matched fbdev as autoconfigured driver 1
[    30.803] (==) Matched vesa as autoconfigured driver 2
[    30.803] (==) Assigned the driver to the xf86ConfigLayout
[    30.803] (II) LoadModule: "modesetting"
[    30.804] (II) Loading /usr/lib/xorg/modules/drivers/modesetting_drv.so
[    30.806] (II) Module modesetting: vendor="X.Org Foundation"
[    30.806] 	compiled for 1.20.9, module version = 1.20.9
[    30.806] 	Module class: X.Org Video Driver
[    30.806] 	ABI class: X.Org Video Driver, version 24.1
[    30.806] (II) LoadModule: "fbdev"
[    30.806] (II) Loading /usr/lib/xorg/modules/drivers/fbdev_drv.so
[    30.807] (II) Module fbdev: vendor="X.Org Foundation"
[    30.807] 	compiled for 1.20.1, module version = 0.5.0
[    30.807] 	Module class: X.Org Video Driver
[    30.807] 	ABI class: X.Org Video Driver, version 24.0
[    30.807] (II) LoadModule: "vesa"
[    30.807] (II) Loading /usr/lib/xorg/modules/drivers/vesa_drv.so
[    30.808] (II) Module vesa: vendor="X.Org Foundation"
[    30.808] 	compiled for 1.20.4, module version = 2.4.0
[    30.808] 	Module class: X.Org Video Driver
[    30.808] 	ABI class: X.Org Video Driver, version 24.0
[    30.808] (II) modesetting: Driver for Modesetting Kernel Drivers: kms
[    30.808] (II) FBDEV: driver for framebuffer: fbdev
[    30.808] (II) VESA: driver for VESA chipsets: vesa
[    30.808] xf86EnableIOPorts: failed to set IOPL for I/O (Operation not permitted)
[    30.808] (II) modeset(0): using drv /dev/dri/card0
[    30.808] (WW) Falling back to old probe method for fbdev
[    30.808] (II) Loading sub module "fbdevhw"
[    30.808] (II) LoadModule: "fbdevhw"
[    30.808] (II) Loading /usr/lib/xorg/modules/libfbdevhw.so
[    30.809] (II) Module fbdevhw: vendor="X.Org Foundation"
[    30.809] 	compiled for 1.20.9, module version = 0.0.2
[    30.809] 	ABI class: X.Org Video Driver, version 24.1
[    30.809] (EE) open /dev/fb0: Permission denied
[    30.809] (WW) VGA arbiter: cannot open kernel arbiter, no multi-card support
[    30.809] (II) modeset(0): Creating default Display subsection in Screen section
	"Default Screen Section" for depth/fbbpp 24/32
[    30.809] (==) modeset(0): Depth 24, (==) framebuffer bpp 32
[    30.809] (==) modeset(0): RGB weight 888
[    30.809] (==) modeset(0): Default visual is TrueColor
[    30.809] (II) Loading sub module "glamoregl"
[    30.809] (II) LoadModule: "glamoregl"
[    30.809] (II) Loading /usr/lib/xorg/modules/libglamoregl.so
[    30.816] (II) Module glamoregl: vendor="X.Org Foundation"
[    30.816] 	compiled for 1.20.9, module version = 1.0.1
[    30.816] 	ABI class: X.Org ANSI C Emulation, version 0.4
[    30.851] (II) modeset(0): glamor X acceleration enabled on Mesa Intel(R) HD Graphics 520 (SKL GT2)
[    30.851] (II) modeset(0): glamor initialized
[    30.852] (II) modeset(0): Output eDP-1 has no monitor section
[    30.853] (II) modeset(0): Output DP-1 has no monitor section
[    30.967] (II) modeset(0): Output HDMI-1 has no monitor section
[    30.967] (II) modeset(0): Output DP-2 has no monitor section
[    30.973] (II) modeset(0): Output HDMI-2 has no monitor section
[    30.974] (II) modeset(0): EDID for output eDP-1
[    30.974] (II) modeset(0): Manufacturer: CMN  Model: 14c9  Serial#: 0
[    30.974] (II) modeset(0): Year: 2016  Week: 8
[    30.974] (II) modeset(0): EDID Version: 1.4
[    30.974] (II) modeset(0): Digital Display Input
[    30.974] (II) modeset(0): 6 bits per channel
[    30.974] (II) modeset(0): Digital interface is DisplayPort
[    30.974] (II) modeset(0): Max Image Size [cm]: horiz.: 31  vert.: 17
[    30.974] (II) modeset(0): Gamma: 2.20
[    30.974] (II) modeset(0): No DPMS capabilities specified
[    30.974] (II) modeset(0): Supported color encodings: RGB 4:4:4 
[    30.974] (II) modeset(0): First detailed timing is preferred mode
[    30.974] (II) modeset(0): Preferred mode is native pixel format and refresh rate
[    30.974] (II) modeset(0): redX: 0.590 redY: 0.350   greenX: 0.330 greenY: 0.555
[    30.974] (II) modeset(0): blueX: 0.153 blueY: 0.119   whiteX: 0.313 whiteY: 0.329
[    30.974] (II) modeset(0): Manufacturer's mask: 0
[    30.974] (II) modeset(0): Supported detailed timing:
[    30.974] (II) modeset(0): clock: 152.8 MHz   Image Size:  309 x 173 mm
[    30.974] (II) modeset(0): h_active: 1920  h_sync: 2000  h_sync_end 2060 h_blank_end 2250 h_border: 0
[    30.974] (II) modeset(0): v_active: 1080  v_sync: 1086  v_sync_end 1094 v_blanking: 1132 v_border: 0
[    30.974] (II) modeset(0):  N140HCA-EAB
[    30.974] (II) modeset(0):  CMN
[    30.974] (II) modeset(0):  N140HCA-EAB
[    30.974] (II) modeset(0): EDID (in hex):
[    30.974] (II) modeset(0): 	00ffffffffffff000daec91400000000
[    30.974] (II) modeset(0): 	081a0104951f11780228659759548e27
[    30.974] (II) modeset(0): 	1e505400000001010101010101010101
[    30.974] (II) modeset(0): 	010101010101b43b804a71383440503c
[    30.974] (II) modeset(0): 	680035ad10000018000000fe004e3134
[    30.974] (II) modeset(0): 	304843412d4541420a20000000fe0043
[    30.974] (II) modeset(0): 	4d4e0a202020202020202020000000fe
[    30.974] (II) modeset(0): 	004e3134304843412d4541420a20003e
[    30.975] (II) modeset(0): Printing probed modes for output eDP-1
[    30.975] (II) modeset(0): Modeline "1920x1080"x60.0  152.84  1920 2000 2060 2250  1080 1086 1094 1132 -hsync -vsync (67.9 kHz eP)
[    30.975] (II) modeset(0): Modeline "1920x1080"x120.0  356.38  1920 2080 2288 2656  1080 1081 1084 1118 doublescan -hsync +vsync (134.2 kHz d)
[    30.975] (II) modeset(0): Modeline "1920x1080"x119.9  266.50  1920 1944 1960 2000  1080 1081 1084 1111 doublescan +hsync -vsync (133.2 kHz d)
[    30.975] (II) modeset(0): Modeline "1920x1080"x60.0  173.00  1920 2048 2248 2576  1080 1083 1088 1120 -hsync +vsync (67.2 kHz d)
[    30.975] (II) modeset(0): Modeline "1920x1080"x59.9  138.50  1920 1968 2000 2080  1080 1083 1088 1111 +hsync -vsync (66.6 kHz d)
[    30.975] (II) modeset(0): Modeline "1680x1050"x60.0  146.25  1680 1784 1960 2240  1050 1053 1059 1089 -hsync +vsync (65.3 kHz d)
[    30.975] (II) modeset(0): Modeline "1680x1050"x59.9  119.00  1680 1728 1760 1840  1050 1053 1059 1080 +hsync -vsync (64.7 kHz d)
[    30.975] (II) modeset(0): Modeline "1600x1024"x60.2  103.12  1600 1600 1656 1664  1024 1024 1029 1030 +hsync +vsync (62.0 kHz d)
[    30.975] (II) modeset(0): Modeline "1400x1050"x60.0  122.00  1400 1488 1640 1880  1050 1052 1064 1082 +hsync +vsync (64.9 kHz d)
[    30.975] (II) modeset(0): Modeline "1600x900"x120.0  246.00  1600 1728 1900 2200  900 901 904 932 doublescan -hsync +vsync (111.8 kHz d)
[    30.975] (II) modeset(0): Modeline "1600x900"x119.9  186.50  1600 1624 1640 1680  900 901 904 926 doublescan +hsync -vsync (111.0 kHz d)
[    30.975] (II) modeset(0): Modeline "1600x900"x59.9  118.25  1600 1696 1856 2112  900 903 908 934 -hsync +vsync (56.0 kHz d)
[    30.975] (II) modeset(0): Modeline "1600x900"x59.8   97.50  1600 1648 1680 1760  900 903 908 926 +hsync -vsync (55.4 kHz d)
[    30.975] (II) modeset(0): Modeline "1280x1024"x60.0  108.00  1280 1328 1440 1688  1024 1025 1028 1066 +hsync +vsync (64.0 kHz d)
[    30.975] (II) modeset(0): Modeline "1440x900"x59.9  106.50  1440 1520 1672 1904  900 903 909 934 -hsync +vsync (55.9 kHz d)
[    30.975] (II) modeset(0): Modeline "1400x900"x60.0  103.50  1400 1480 1624 1848  900 903 913 934 -hsync +vsync (56.0 kHz d)
[    30.975] (II) modeset(0): Modeline "1400x900"x59.9   86.50  1400 1448 1480 1560  900 903 913 926 +hsync -vsync (55.4 kHz d)
[    30.975] (II) modeset(0): Modeline "1280x960"x60.0  108.00  1280 1376 1488 1800  960 961 964 1000 +hsync +vsync (60.0 kHz d)
[    30.975] (II) modeset(0): Modeline "1440x810"x120.0  198.12  1440 1548 1704 1968  810 811 814 839 doublescan -hsync +vsync (100.7 kHz d)
[    30.975] (II) modeset(0): Modeline "1440x810"x119.9  151.88  1440 1464 1480 1520  810 811 814 833 doublescan +hsync -vsync (99.9 kHz d)
[    30.975] (II) modeset(0): Modeline "1368x768"x59.9   85.25  1368 1440 1576 1784  768 771 781 798 -hsync +vsync (47.8 kHz d)
[    30.975] (II) modeset(0): Modeline "1368x768"x59.9   72.25  1368 1416 1448 1528  768 771 781 790 +hsync -vsync (47.3 kHz d)
[    30.975] (II) modeset(0): Modeline "1360x768"x59.8   84.75  1360 1432 1568 1776  768 771 781 798 -hsync +vsync (47.7 kHz d)
[    30.975] (II) modeset(0): Modeline "1360x768"x60.0   72.00  1360 1408 1440 1520  768 771 781 790 +hsync -vsync (47.4 kHz d)
[    30.975] (II) modeset(0): Modeline "1280x800"x120.0  174.25  1280 1380 1516 1752  800 801 804 829 doublescan -hsync +vsync (99.5 kHz d)
[    30.975] (II) modeset(0): Modeline "1280x800"x119.9  134.25  1280 1304 1320 1360  800 801 804 823 doublescan +hsync -vsync (98.7 kHz d)
[    30.975] (II) modeset(0): Modeline "1280x800"x59.8   83.50  1280 1352 1480 1680  800 803 809 831 -hsync +vsync (49.7 kHz d)
[    30.975] (II) modeset(0): Modeline "1280x800"x59.9   71.00  1280 1328 1360 1440  800 803 809 823 +hsync -vsync (49.3 kHz d)
[    30.975] (II) modeset(0): Modeline "1152x864"x60.0   81.62  1152 1216 1336 1520  864 865 868 895 -hsync +vsync (53.7 kHz d)
[    30.975] (II) modeset(0): Modeline "1280x720"x120.0  156.12  1280 1376 1512 1744  720 721 724 746 doublescan -hsync +vsync (89.5 kHz d)
[    30.975] (II) modeset(0): Modeline "1280x720"x120.0  120.75  1280 1304 1320 1360  720 721 724 740 doublescan +hsync -vsync (88.8 kHz d)
[    30.975] (II) modeset(0): Modeline "1280x720"x59.9   74.50  1280 1344 1472 1664  720 723 728 748 -hsync +vsync (44.8 kHz d)
[    30.975] (II) modeset(0): Modeline "1280x720"x59.7   63.75  1280 1328 1360 1440  720 723 728 741 +hsync -vsync (44.3 kHz d)
[    30.975] (II) modeset(0): Modeline "1024x768"x120.1  133.47  1024 1100 1212 1400  768 768 770 794 doublescan -hsync +vsync (95.3 kHz d)
[    30.975] (II) modeset(0): Modeline "1024x768"x60.0   65.00  1024 1048 1184 1344  768 771 777 806 -hsync -vsync (48.4 kHz d)
[    30.975] (II) modeset(0): Modeline "960x720"x120.0  117.00  960 1024 1128 1300  720 720 722 750 doublescan -hsync +vsync (90.0 kHz d)
[    30.975] (II) modeset(0): Modeline "928x696"x120.1  109.15  928 976 1088 1264  696 696 698 719 doublescan -hsync +vsync (86.4 kHz d)
[    30.975] (II) modeset(0): Modeline "896x672"x120.0  102.40  896 960 1060 1224  672 672 674 697 doublescan -hsync +vsync (83.7 kHz d)
[    30.975] (II) modeset(0): Modeline "1024x576"x119.9   98.50  1024 1092 1200 1376  576 577 580 597 doublescan -hsync +vsync (71.6 kHz d)
[    30.975] (II) modeset(0): Modeline "1024x576"x119.9   78.38  1024 1048 1064 1104  576 577 580 592 doublescan +hsync -vsync (71.0 kHz d)
[    30.975] (II) modeset(0): Modeline "1024x576"x59.9   46.50  1024 1064 1160 1296  576 579 584 599 -hsync +vsync (35.9 kHz d)
[    30.975] (II) modeset(0): Modeline "1024x576"x59.8   42.00  1024 1072 1104 1184  576 579 584 593 +hsync -vsync (35.5 kHz d)
[    30.975] (II) modeset(0): Modeline "960x600"x119.9   96.62  960 1028 1128 1296  600 601 604 622 doublescan -hsync +vsync (74.6 kHz d)
[    30.975] (II) modeset(0): Modeline "960x600"x120.0   77.00  960 984 1000 1040  600 601 604 617 doublescan +hsync -vsync (74.0 kHz d)
[    30.975] (II) modeset(0): Modeline "960x540"x119.9   86.50  960 1024 1124 1288  540 541 544 560 doublescan -hsync +vsync (67.2 kHz d)
[    30.975] (II) modeset(0): Modeline "960x540"x120.0   69.25  960 984 1000 1040  540 541 544 555 doublescan +hsync -vsync (66.6 kHz d)
[    30.975] (II) modeset(0): Modeline "960x540"x59.6   40.75  960 992 1088 1216  540 543 548 562 -hsync +vsync (33.5 kHz d)
[    30.975] (II) modeset(0): Modeline "960x540"x59.8   37.25  960 1008 1040 1120  540 543 548 556 +hsync -vsync (33.3 kHz d)
[    30.975] (II) modeset(0): Modeline "800x600"x120.0   81.00  800 832 928 1080  600 600 602 625 doublescan +hsync +vsync (75.0 kHz d)
[    30.975] (II) modeset(0): Modeline "800x600"x60.3   40.00  800 840 968 1056  600 601 605 628 +hsync +vsync (37.9 kHz d)
[    30.975] (II) modeset(0): Modeline "800x600"x56.2   36.00  800 824 896 1024  600 601 603 625 +hsync +vsync (35.2 kHz d)
[    30.975] (II) modeset(0): Modeline "840x525"x120.0   73.12  840 892 980 1120  525 526 529 544 doublescan -hsync +vsync (65.3 kHz d)
[    30.975] (II) modeset(0): Modeline "840x525"x119.8   59.50  840 864 880 920  525 526 529 540 doublescan +hsync -vsync (64.7 kHz d)
[    30.975] (II) modeset(0): Modeline "864x486"x59.9   32.50  864 888 968 1072  486 489 494 506 -hsync +vsync (30.3 kHz d)
[    30.975] (II) modeset(0): Modeline "864x486"x59.6   30.50  864 912 944 1024  486 489 494 500 +hsync -vsync (29.8 kHz d)
[    30.975] (II) modeset(0): Modeline "800x512"x120.3   51.56  800 800 828 832  512 512 514 515 doublescan +hsync +vsync (62.0 kHz d)
[    30.975] (II) modeset(0): Modeline "700x525"x120.0   61.00  700 744 820 940  525 526 532 541 doublescan +hsync +vsync (64.9 kHz d)
[    30.975] (II) modeset(0): Modeline "800x450"x119.9   59.12  800 848 928 1056  450 451 454 467 doublescan -hsync +vsync (56.0 kHz d)
[    30.975] (II) modeset(0): Modeline "800x450"x119.6   48.75  800 824 840 880  450 451 454 463 doublescan +hsync -vsync (55.4 kHz d)
[    30.975] (II) modeset(0): Modeline "640x512"x120.0   54.00  640 664 720 844  512 512 514 533 doublescan +hsync +vsync (64.0 kHz d)
[    30.975] (II) modeset(0): Modeline "720x450"x119.8   53.25  720 760 836 952  450 451 454 467 doublescan -hsync +vsync (55.9 kHz d)
[    30.975] (II) modeset(0): Modeline "700x450"x119.9   51.75  700 740 812 924  450 451 456 467 doublescan -hsync +vsync (56.0 kHz d)
[    30.975] (II) modeset(0): Modeline "700x450"x119.8   43.25  700 724 740 780  450 451 456 463 doublescan +hsync -vsync (55.4 kHz d)
[    30.975] (II) modeset(0): Modeline "640x480"x120.0   54.00  640 688 744 900  480 480 482 500 doublescan +hsync +vsync (60.0 kHz d)
[    30.975] (II) modeset(0): Modeline "640x480"x59.9   25.18  640 656 752 800  480 490 492 525 -hsync -vsync (31.5 kHz d)
[    30.975] (II) modeset(0): Modeline "720x405"x59.5   22.50  720 744 808 896  405 408 413 422 -hsync +vsync (25.1 kHz d)
[    30.975] (II) modeset(0): Modeline "720x405"x59.0   21.75  720 768 800 880  405 408 413 419 +hsync -vsync (24.7 kHz d)
[    30.975] (II) modeset(0): Modeline "684x384"x119.8   42.62  684 720 788 892  384 385 390 399 doublescan -hsync +vsync (47.8 kHz d)
[    30.975] (II) modeset(0): Modeline "684x384"x119.7   36.12  684 708 724 764  384 385 390 395 doublescan +hsync -vsync (47.3 kHz d)
[    30.975] (II) modeset(0): Modeline "680x384"x119.6   42.38  680 716 784 888  384 385 390 399 doublescan -hsync +vsync (47.7 kHz d)
[    30.975] (II) modeset(0): Modeline "680x384"x119.9   36.00  680 704 720 760  384 385 390 395 doublescan +hsync -vsync (47.4 kHz d)
[    30.975] (II) modeset(0): Modeline "640x400"x119.8   41.75  640 676 740 840  400 401 404 415 doublescan -hsync +vsync (49.7 kHz d)
[    30.975] (II) modeset(0): Modeline "640x400"x120.0   35.50  640 664 680 720  400 401 404 411 doublescan +hsync -vsync (49.3 kHz d)
[    30.975] (II) modeset(0): Modeline "576x432"x120.1   40.81  576 608 668 760  432 432 434 447 doublescan -hsync +vsync (53.7 kHz d)
[    30.976] (II) modeset(0): Modeline "640x360"x119.7   37.25  640 672 736 832  360 361 364 374 doublescan -hsync +vsync (44.8 kHz d)
[    30.976] (II) modeset(0): Modeline "640x360"x119.7   31.88  640 664 680 720  360 361 364 370 doublescan +hsync -vsync (44.3 kHz d)
[    30.976] (II) modeset(0): Modeline "640x360"x59.8   18.00  640 664 720 800  360 363 368 376 -hsync +vsync (22.5 kHz d)
[    30.976] (II) modeset(0): Modeline "640x360"x59.3   17.75  640 688 720 800  360 363 368 374 +hsync -vsync (22.2 kHz d)
[    30.976] (II) modeset(0): Modeline "512x384"x120.0   32.50  512 524 592 672  384 385 388 403 doublescan -hsync -vsync (48.4 kHz d)
[    30.976] (II) modeset(0): Modeline "512x288"x120.0   23.25  512 532 580 648  288 289 292 299 doublescan -hsync +vsync (35.9 kHz d)
[    30.976] (II) modeset(0): Modeline "512x288"x119.8   21.00  512 536 552 592  288 289 292 296 doublescan +hsync -vsync (35.5 kHz d)
[    30.976] (II) modeset(0): Modeline "480x270"x119.3   20.38  480 496 544 608  270 271 274 281 doublescan -hsync +vsync (33.5 kHz d)
[    30.976] (II) modeset(0): Modeline "480x270"x119.6   18.62  480 504 520 560  270 271 274 278 doublescan +hsync -vsync (33.3 kHz d)
[    30.976] (II) modeset(0): Modeline "400x300"x120.6   20.00  400 420 484 528  300 300 302 314 doublescan +hsync +vsync (37.9 kHz d)
[    30.976] (II) modeset(0): Modeline "400x300"x112.7   18.00  400 412 448 512  300 300 301 312 doublescan +hsync +vsync (35.2 kHz d)
[    30.976] (II) modeset(0): Modeline "432x243"x119.8   16.25  432 444 484 536  243 244 247 253 doublescan -hsync +vsync (30.3 kHz d)
[    30.976] (II) modeset(0): Modeline "432x243"x119.1   15.25  432 456 472 512  243 244 247 250 doublescan +hsync -vsync (29.8 kHz d)
[    30.976] (II) modeset(0): Modeline "320x240"x120.1   12.59  320 328 376 400  240 245 246 262 doublescan -hsync -vsync (31.5 kHz d)
[    30.976] (II) modeset(0): Modeline "360x202"x119.0   11.25  360 372 404 448  202 204 206 211 doublescan -hsync +vsync (25.1 kHz d)
[    30.976] (II) modeset(0): Modeline "360x202"x118.3   10.88  360 384 400 440  202 204 206 209 doublescan +hsync -vsync (24.7 kHz d)
[    30.976] (II) modeset(0): Modeline "320x180"x119.7    9.00  320 332 360 400  180 181 184 188 doublescan -hsync +vsync (22.5 kHz d)
[    30.976] (II) modeset(0): Modeline "320x180"x118.6    8.88  320 344 360 400  180 181 184 187 doublescan +hsync -vsync (22.2 kHz d)
[    30.976] (II) modeset(0): EDID for output DP-1
[    31.091] (II) modeset(0): EDID for output HDMI-1
[    31.091] (II) modeset(0): EDID for output DP-2
[    31.097] (II) modeset(0): EDID for output HDMI-2
[    31.097] (II) modeset(0): Output eDP-1 connected
[    31.097] (II) modeset(0): Output DP-1 disconnected
[    31.097] (II) modeset(0): Output HDMI-1 disconnected
[    31.097] (II) modeset(0): Output DP-2 disconnected
[    31.097] (II) modeset(0): Output HDMI-2 disconnected
[    31.097] (II) modeset(0): Using exact sizes for initial modes
[    31.097] (II) modeset(0): Output eDP-1 using initial mode 1920x1080 +0+0
[    31.097] (==) modeset(0): Using gamma correction (1.0, 1.0, 1.0)
[    31.097] (==) modeset(0): DPI set to (96, 96)
[    31.097] (II) Loading sub module "fb"
[    31.097] (II) LoadModule: "fb"
[    31.097] (II) Loading /usr/lib/xorg/modules/libfb.so
[    31.098] (II) Module fb: vendor="X.Org Foundation"
[    31.098] 	compiled for 1.20.9, module version = 1.0.0
[    31.098] 	ABI class: X.Org ANSI C Emulation, version 0.4
[    31.098] (II) UnloadModule: "fbdev"
[    31.098] (II) Unloading fbdev
[    31.098] (II) UnloadSubModule: "fbdevhw"
[    31.098] (II) Unloading fbdevhw
[    31.098] (II) UnloadModule: "vesa"
[    31.098] (II) Unloading vesa
[    31.113] (==) modeset(0): Backing store enabled
[    31.113] (==) modeset(0): Silken mouse enabled
[    31.197] (II) modeset(0): Initializing kms color map for depth 24, 8 bpc.
[    31.197] (==) modeset(0): DPMS enabled
[    31.201] (II) modeset(0): [DRI2] Setup complete
[    31.201] (II) modeset(0): [DRI2]   DRI driver: iris
[    31.201] (II) modeset(0): [DRI2]   VDPAU driver: va_gl
[    31.201] (II) Initializing extension Generic Event Extension
[    31.201] (II) Initializing extension SHAPE
[    31.201] (II) Initializing extension MIT-SHM
[    31.201] (II) Initializing extension XInputExtension
[    31.202] (II) Initializing extension XTEST
[    31.202] (II) Initializing extension BIG-REQUESTS
[    31.202] (II) Initializing extension SYNC
[    31.202] (II) Initializing extension XKEYBOARD
[    31.202] (II) Initializing extension XC-MISC
[    31.202] (II) Initializing extension SECURITY
[    31.203] (II) Initializing extension XFIXES
[    31.203] (II) Initializing extension RENDER
[    31.203] (II) Initializing extension RANDR
[    31.203] (II) Initializing extension COMPOSITE
[    31.203] (II) Initializing extension DAMAGE
[    31.203] (II) Initializing extension MIT-SCREEN-SAVER
[    31.203] (II) Initializing extension DOUBLE-BUFFER
[    31.204] (II) Initializing extension RECORD
[    31.204] (II) Initializing extension DPMS
[    31.204] (II) Initializing extension Present
[    31.204] (II) Initializing extension DRI3
[    31.204] (II) Initializing extension X-Resource
[    31.204] (II) Initializing extension XVideo
[    31.204] (II) Initializing extension XVideo-MotionCompensation
[    31.204] (II) Initializing extension SELinux
[    31.204] (II) SELinux: Disabled on system
[    31.204] (II) Initializing extension GLX
[    31.214] (II) AIGLX: Loaded and initialized iris
[    31.214] (II) GLX: Initialized DRI2 GL provider for screen 0
[    31.214] (II) Initializing extension XFree86-VidModeExtension
[    31.214] (II) Initializing extension XFree86-DGA
[    31.214] (II) Initializing extension XFree86-DRI
[    31.214] (II) Initializing extension DRI2
[    31.216] (II) modeset(0): Damage tracking initialized
[    31.216] (II) modeset(0): Setting screen physical size to 508 x 285
[    31.258] (II) config/udev: Adding input device Power Button (/dev/input/event2)
[    31.258] (**) Power Button: Applying InputClass "libinput keyboard catchall"
[    31.258] (II) LoadModule: "libinput"
[    31.259] (II) Loading /usr/lib/xorg/modules/input/libinput_drv.so
[    31.261] (II) Module libinput: vendor="X.Org Foundation"
[    31.261] 	compiled for 1.20.4, module version = 0.29.0
[    31.261] 	Module class: X.Org XInput Driver
[    31.261] 	ABI class: X.Org XInput driver, version 24.1
[    31.261] (II) Using input driver 'libinput' for 'Power Button'
[    31.262] (II) systemd-logind: got fd for /dev/input/event2 13:66 fd 26 paused 0
[    31.262] (**) Power Button: always reports core events
[    31.262] (**) Option "Device" "/dev/input/event2"
[    31.262] (**) Option "_source" "server/udev"
[    31.264] (II) event2  - Power Button: is tagged by udev as: Keyboard
[    31.264] (II) event2  - Power Button: device is a keyboard
[    31.264] (II) event2  - Power Button: device removed
[    31.264] (**) Option "config_info" "udev:/sys/devices/LNXSYSTM:00/LNXPWRBN:00/input/input2/event2"
[    31.264] (II) XINPUT: Adding extended input device "Power Button" (type: KEYBOARD, id 6)
[    31.264] (**) Option "xkb_model" "pc105"
[    31.264] (**) Option "xkb_layout" "us"
[    31.265] (II) event2  - Power Button: is tagged by udev as: Keyboard
[    31.265] (II) event2  - Power Button: device is a keyboard
[    31.266] (II) config/udev: Adding input device Video Bus (/dev/input/event7)
[    31.266] (**) Video Bus: Applying InputClass "libinput keyboard catchall"
[    31.266] (II) Using input driver 'libinput' for 'Video Bus'
[    31.267] (II) systemd-logind: got fd for /dev/input/event7 13:71 fd 29 paused 0
[    31.267] (**) Video Bus: always reports core events
[    31.267] (**) Option "Device" "/dev/input/event7"
[    31.267] (**) Option "_source" "server/udev"
[    31.268] (II) event7  - Video Bus: is tagged by udev as: Keyboard
[    31.268] (II) event7  - Video Bus: device is a keyboard
[    31.268] (II) event7  - Video Bus: device removed
[    31.268] (**) Option "config_info" "udev:/sys/devices/LNXSYSTM:00/LNXSYBUS:00/PNP0A08:00/LNXVIDEO:00/input/input9/event7"
[    31.268] (II) XINPUT: Adding extended input device "Video Bus" (type: KEYBOARD, id 7)
[    31.268] (**) Option "xkb_model" "pc105"
[    31.268] (**) Option "xkb_layout" "us"
[    31.270] (II) event7  - Video Bus: is tagged by udev as: Keyboard
[    31.270] (II) event7  - Video Bus: device is a keyboard
[    31.270] (II) config/udev: Adding input device Lid Switch (/dev/input/event1)
[    31.270] (II) No input driver specified, ignoring this device.
[    31.270] (II) This device may have been added with another device file.
[    31.271] (II) config/udev: Adding input device Sleep Button (/dev/input/event0)
[    31.271] (**) Sleep Button: Applying InputClass "libinput keyboard catchall"
[    31.271] (II) Using input driver 'libinput' for 'Sleep Button'
[    31.272] (II) systemd-logind: got fd for /dev/input/event0 13:64 fd 30 paused 0
[    31.272] (**) Sleep Button: always reports core events
[    31.272] (**) Option "Device" "/dev/input/event0"
[    31.272] (**) Option "_source" "server/udev"
[    31.273] (II) event0  - Sleep Button: is tagged by udev as: Keyboard
[    31.274] (II) event0  - Sleep Button: device is a keyboard
[    31.274] (II) event0  - Sleep Button: device removed
[    31.274] (**) Option "config_info" "udev:/sys/devices/LNXSYSTM:00/LNXSYBUS:00/PNP0C0E:00/input/input0/event0"
[    31.274] (II) XINPUT: Adding extended input device "Sleep Button" (type: KEYBOARD, id 8)
[    31.274] (**) Option "xkb_model" "pc105"
[    31.274] (**) Option "xkb_layout" "us"
[    31.275] (II) event0  - Sleep Button: is tagged by udev as: Keyboard
[    31.275] (II) event0  - Sleep Button: device is a keyboard
[    31.277] (II) config/udev: Adding input device Integrated Camera: Integrated C (/dev/input/event5)
[    31.277] (**) Integrated Camera: Integrated C: Applying InputClass "libinput keyboard catchall"
[    31.277] (II) Using input driver 'libinput' for 'Integrated Camera: Integrated C'
[    31.278] (II) systemd-logind: got fd for /dev/input/event5 13:69 fd 31 paused 0
[    31.278] (**) Integrated Camera: Integrated C: always reports core events
[    31.278] (**) Option "Device" "/dev/input/event5"
[    31.278] (**) Option "_source" "server/udev"
[    31.279] (II) event5  - Integrated Camera: Integrated C: is tagged by udev as: Keyboard
[    31.279] (II) event5  - Integrated Camera: Integrated C: device is a keyboard
[    31.280] (II) event5  - Integrated Camera: Integrated C: device removed
[    31.280] (**) Option "config_info" "udev:/sys/devices/pci0000:00/0000:00:14.0/usb1/1-8/1-8:1.0/input/input7/event5"
[    31.280] (II) XINPUT: Adding extended input device "Integrated Camera: Integrated C" (type: KEYBOARD, id 9)
[    31.280] (**) Option "xkb_model" "pc105"
[    31.280] (**) Option "xkb_layout" "us"
[    31.281] (II) event5  - Integrated Camera: Integrated C: is tagged by udev as: Keyboard
[    31.281] (II) event5  - Integrated Camera: Integrated C: device is a keyboard
[    31.282] (II) config/udev: Adding input device HDA Intel PCH Mic (/dev/input/event9)
[    31.282] (II) No input driver specified, ignoring this device.
[    31.282] (II) This device may have been added with another device file.
[    31.282] (II) config/udev: Adding input device HDA Intel PCH Dock Mic (/dev/input/event10)
[    31.282] (II) No input driver specified, ignoring this device.
[    31.282] (II) This device may have been added with another device file.
[    31.283] (II) config/udev: Adding input device HDA Intel PCH Dock Headphone (/dev/input/event11)
[    31.283] (II) No input driver specified, ignoring this device.
[    31.283] (II) This device may have been added with another device file.
[    31.283] (II) config/udev: Adding input device HDA Intel PCH Headphone (/dev/input/event12)
[    31.283] (II) No input driver specified, ignoring this device.
[    31.283] (II) This device may have been added with another device file.
[    31.284] (II) config/udev: Adding input device HDA Intel PCH HDMI/DP,pcm=3 (/dev/input/event13)
[    31.284] (II) No input driver specified, ignoring this device.
[    31.284] (II) This device may have been added with another device file.
[    31.284] (II) config/udev: Adding input device HDA Intel PCH HDMI/DP,pcm=7 (/dev/input/event14)
[    31.284] (II) No input driver specified, ignoring this device.
[    31.284] (II) This device may have been added with another device file.
[    31.285] (II) config/udev: Adding input device HDA Intel PCH HDMI/DP,pcm=8 (/dev/input/event15)
[    31.285] (II) No input driver specified, ignoring this device.
[    31.285] (II) This device may have been added with another device file.
[    31.285] (II) config/udev: Adding input device HDA Intel PCH HDMI/DP,pcm=9 (/dev/input/event16)
[    31.285] (II) No input driver specified, ignoring this device.
[    31.285] (II) This device may have been added with another device file.
[    31.286] (II) config/udev: Adding input device HDA Intel PCH HDMI/DP,pcm=10 (/dev/input/event17)
[    31.286] (II) No input driver specified, ignoring this device.
[    31.286] (II) This device may have been added with another device file.
[    31.286] (II) config/udev: Adding input device AT Translated Set 2 keyboard (/dev/input/event3)
[    31.286] (**) AT Translated Set 2 keyboard: Applying InputClass "libinput keyboard catchall"
[    31.286] (II) Using input driver 'libinput' for 'AT Translated Set 2 keyboard'
[    31.287] (II) systemd-logind: got fd for /dev/input/event3 13:67 fd 32 paused 0
[    31.287] (**) AT Translated Set 2 keyboard: always reports core events
[    31.287] (**) Option "Device" "/dev/input/event3"
[    31.287] (**) Option "_source" "server/udev"
[    31.288] (II) event3  - AT Translated Set 2 keyboard: is tagged by udev as: Keyboard
[    31.288] (II) event3  - AT Translated Set 2 keyboard: device is a keyboard
[    31.289] (II) event3  - AT Translated Set 2 keyboard: device removed
[    31.289] (**) Option "config_info" "udev:/sys/devices/platform/i8042/serio0/input/input3/event3"
[    31.289] (II) XINPUT: Adding extended input device "AT Translated Set 2 keyboard" (type: KEYBOARD, id 10)
[    31.289] (**) Option "xkb_model" "pc105"
[    31.289] (**) Option "xkb_layout" "us"
[    31.290] (II) event3  - AT Translated Set 2 keyboard: is tagged by udev as: Keyboard
[    31.290] (II) event3  - AT Translated Set 2 keyboard: device is a keyboard
[    31.291] (II) config/udev: Adding input device SynPS/2 Synaptics TouchPad (/dev/input/event4)
[    31.291] (**) SynPS/2 Synaptics TouchPad: Applying InputClass "libinput touchpad catchall"
[    31.291] (II) Using input driver 'libinput' for 'SynPS/2 Synaptics TouchPad'
[    31.292] (II) systemd-logind: got fd for /dev/input/event4 13:68 fd 33 paused 0
[    31.292] (**) SynPS/2 Synaptics TouchPad: always reports core events
[    31.292] (**) Option "Device" "/dev/input/event4"
[    31.292] (**) Option "_source" "server/udev"
[    31.293] (II) event4  - SynPS/2 Synaptics TouchPad: is tagged by udev as: Touchpad
[    31.294] (II) event4  - SynPS/2 Synaptics TouchPad: device is a touchpad
[    31.294] (II) event4  - SynPS/2 Synaptics TouchPad: device removed
[    31.295] (**) Option "config_info" "udev:/sys/devices/platform/i8042/serio1/input/input5/event4"
[    31.295] (II) XINPUT: Adding extended input device "SynPS/2 Synaptics TouchPad" (type: TOUCHPAD, id 11)
[    31.296] (**) Option "AccelerationScheme" "none"
[    31.296] (**) SynPS/2 Synaptics TouchPad: (accel) selected scheme none/0
[    31.296] (**) SynPS/2 Synaptics TouchPad: (accel) acceleration factor: 2.000
[    31.296] (**) SynPS/2 Synaptics TouchPad: (accel) acceleration threshold: 4
[    31.297] (II) event4  - SynPS/2 Synaptics TouchPad: is tagged by udev as: Touchpad
[    31.299] (II) event4  - SynPS/2 Synaptics TouchPad: device is a touchpad
[    31.300] (II) config/udev: Adding input device SynPS/2 Synaptics TouchPad (/dev/input/mouse0)
[    31.300] (II) No input driver specified, ignoring this device.
[    31.300] (II) This device may have been added with another device file.
[    31.300] (II) config/udev: Adding input device TPPS/2 IBM TrackPoint (/dev/input/event6)
[    31.300] (**) TPPS/2 IBM TrackPoint: Applying InputClass "libinput pointer catchall"
[    31.300] (II) Using input driver 'libinput' for 'TPPS/2 IBM TrackPoint'
[    31.302] (II) systemd-logind: got fd for /dev/input/event6 13:70 fd 34 paused 0
[    31.302] (**) TPPS/2 IBM TrackPoint: always reports core events
[    31.302] (**) Option "Device" "/dev/input/event6"
[    31.302] (**) Option "_source" "server/udev"
[    31.307] (II) event6  - TPPS/2 IBM TrackPoint: is tagged by udev as: Mouse Pointingstick
[    31.308] (II) event6  - TPPS/2 IBM TrackPoint: device is a pointer
[    31.309] (II) event6  - TPPS/2 IBM TrackPoint: device removed
[    31.309] (**) Option "config_info" "udev:/sys/devices/platform/i8042/serio1/serio2/input/input6/event6"
[    31.310] (II) XINPUT: Adding extended input device "TPPS/2 IBM TrackPoint" (type: MOUSE, id 12)
[    31.310] (**) Option "AccelerationScheme" "none"
[    31.310] (**) TPPS/2 IBM TrackPoint: (accel) selected scheme none/0
[    31.310] (**) TPPS/2 IBM TrackPoint: (accel) acceleration factor: 2.000
[    31.310] (**) TPPS/2 IBM TrackPoint: (accel) acceleration threshold: 4
[    31.311] (II) event6  - TPPS/2 IBM TrackPoint: is tagged by udev as: Mouse Pointingstick
[    31.311] (II) event6  - TPPS/2 IBM TrackPoint: device is a pointer
[    31.313] (II) config/udev: Adding input device TPPS/2 IBM TrackPoint (/dev/input/mouse1)
[    31.313] (II) No input driver specified, ignoring this device.
[    31.313] (II) This device may have been added with another device file.
[    31.316] (II) config/udev: Adding input device ThinkPad Extra Buttons (/dev/input/event8)
[    31.316] (**) ThinkPad Extra Buttons: Applying InputClass "libinput keyboard catchall"
[    31.316] (II) Using input driver 'libinput' for 'ThinkPad Extra Buttons'
[    31.319] (II) systemd-logind: got fd for /dev/input/event8 13:72 fd 35 paused 0
[    31.319] (**) ThinkPad Extra Buttons: always reports core events
[    31.319] (**) Option "Device" "/dev/input/event8"
[    31.319] (**) Option "_source" "server/udev"
[    31.322] (II) event8  - ThinkPad Extra Buttons: is tagged by udev as: Keyboard Switch
[    31.322] (II) event8  - ThinkPad Extra Buttons: device is a keyboard
[    31.322] (II) event8  - ThinkPad Extra Buttons: device removed
[    31.322] (**) Option "config_info" "udev:/sys/devices/platform/thinkpad_acpi/input/input8/event8"
[    31.322] (II) XINPUT: Adding extended input device "ThinkPad Extra Buttons" (type: KEYBOARD, id 13)
[    31.322] (**) Option "xkb_model" "pc105"
[    31.322] (**) Option "xkb_layout" "us"
[    31.323] (II) event8  - ThinkPad Extra Buttons: is tagged by udev as: Keyboard Switch
[    31.324] (II) event8  - ThinkPad Extra Buttons: device is a keyboard
[    31.930] (II) modeset(0): EDID vendor "CMN", prod id 5321
[    31.930] (II) modeset(0): Printing DDC gathered Modelines:
[    31.930] (II) modeset(0): Modeline "1920x1080"x0.0  152.84  1920 2000 2060 2250  1080 1086 1094 1132 -hsync -vsync (67.9 kHz eP)
